[    0.000000] Initializing cgroup subsys cpuset
[    0.000000] Initializing cgroup subsys cpu
[    0.000000] Initializing cgroup subsys cpuacct
[    0.000000] Linux version 4.4.0-177-generic (buildd@lgw01-amd64-035) (gcc version 5.4.0 20160609 (Ubuntu 5.4.0-6ubuntu1~16.04.12) ) #207-Ubuntu SMP Mon Mar 16 01:16:10 UTC 2020 (Ubuntu 4.4.0-177.207-generic 4.4.214)
[    0.000000] Command line: BOOT_IMAGE=/boot/vmlinuz-4.4.0-177-generic root=LABEL=cloudimg-rootfs ro console=tty1 console=ttyS0
[    0.000000] KERNEL supported cpus:
[    0.000000]   Intel GenuineIntel
[    0.000000]   AMD AuthenticAMD
[    0.000000]   Centaur CentaurHauls
[    0.000000] x86/fpu: xstate_offset[2]:  576, xstate_sizes[2]:  256
[    0.000000] x86/fpu: Supporting XSAVE feature 0x01: 'x87 floating point registers'
[    0.000000] x86/fpu: Supporting XSAVE feature 0x02: 'SSE registers'
[    0.000000] x86/fpu: Supporting XSAVE feature 0x04: 'AVX registers'
[    0.000000] x86/fpu: Enabled xstate features 0x7, context size is 832 bytes, using 'standard' format.
[    0.000000] e820: BIOS-provided physical RAM map:
[    0.000000] BIOS-e820: [mem 0x0000000000000000-0x000000000009fbff] usable
[    0.000000] BIOS-e820: [mem 0x000000000009fc00-0x000000000009ffff] reserved
[    0.000000] BIOS-e820: [mem 0x00000000000f0000-0x00000000000fffff] reserved
[    0.000000] BIOS-e820: [mem 0x0000000000100000-0x000000007ffeffff] usable
[    0.000000] BIOS-e820: [mem 0x000000007fff0000-0x000000007fffffff] ACPI data
[    0.000000] BIOS-e820: [mem 0x00000000fec00000-0x00000000fec00fff] reserved
[    0.000000] BIOS-e820: [mem 0x00000000fee00000-0x00000000fee00fff] reserved
[    0.000000] BIOS-e820: [mem 0x00000000fffc0000-0x00000000ffffffff] reserved
[    0.000000] NX (Execute Disable) protection: active
[    0.000000] SMBIOS 2.5 present.
[    0.000000] Hypervisor detected: KVM
[    0.000000] e820: last_pfn = 0x7fff0 max_arch_pfn = 0x400000000
[    0.000000] MTRR: Disabled
[    0.000000] x86/PAT: MTRRs disabled, skipping PAT initialization too.
[    0.000000] CPU MTRRs all blank - virtualized system.
[    0.000000] x86/PAT: Configuration [0-7]: WB  WT  UC- UC  WB  WT  UC- UC  
[    0.000000] found SMP MP-table at [mem 0x0009fff0-0x0009ffff] mapped at [ffff88000009fff0]
[    0.000000] Scanning 1 areas for low memory corruption
[    0.000000] RAMDISK: [mem 0x362e4000-0x37169fff]
[    0.000000] ACPI: Early table checksum verification disabled
[    0.000000] ACPI: RSDP 0x00000000000E0000 000024 (v02 VBOX  )
[    0.000000] ACPI: XSDT 0x000000007FFF0030 00003C (v01 VBOX   VBOXXSDT 00000001 ASL  00000061)
[    0.000000] ACPI: FACP 0x000000007FFF00F0 0000F4 (v04 VBOX   VBOXFACP 00000001 ASL  00000061)
[    0.000000] ACPI: DSDT 0x000000007FFF0470 0022EA (v02 VBOX   VBOXBIOS 00000002 INTL 20100528)
[    0.000000] ACPI: FACS 0x000000007FFF0200 000040
[    0.000000] ACPI: FACS 0x000000007FFF0200 000040
[    0.000000] ACPI: APIC 0x000000007FFF0240 00005C (v02 VBOX   VBOXAPIC 00000001 ASL  00000061)
[    0.000000] ACPI: SSDT 0x000000007FFF02A0 0001CC (v01 VBOX   VBOXCPUT 00000002 INTL 20100528)
[    0.000000] No NUMA configuration found
[    0.000000] Faking a node at [mem 0x0000000000000000-0x000000007ffeffff]
[    0.000000] NODE_DATA(0) allocated [mem 0x7ffeb000-0x7ffeffff]
[    0.000000] kvm-clock: Using msrs 4b564d01 and 4b564d00
[    0.000000] kvm-clock: cpu 0, msr 0:7ffe3001, primary cpu clock
[    0.000000] kvm-clock: using sched offset of 3500675973 cycles
[    0.000000] clocksource: kvm-clock: mask: 0xffffffffffffffff max_cycles: 0x1cd42e4dffb, max_idle_ns: 881590591483 ns
[    0.000000] Zone ranges:
[    0.000000]   DMA      [mem 0x0000000000001000-0x0000000000ffffff]
[    0.000000]   DMA32    [mem 0x0000000001000000-0x000000007ffeffff]
[    0.000000]   Normal   empty
[    0.000000]   Device   empty
[    0.000000] Movable zone start for each node
[    0.000000] Early memory node ranges
[    0.000000]   node   0: [mem 0x0000000000001000-0x000000000009efff]
[    0.000000]   node   0: [mem 0x0000000000100000-0x000000007ffeffff]
[    0.000000] Initmem setup node 0 [mem 0x0000000000001000-0x000000007ffeffff]
[    0.000000] ACPI: PM-Timer IO Port: 0x4008
[    0.000000] IOAPIC[0]: apic_id 2, version 32, address 0xfec00000, GSI 0-23
[    0.000000] ACPI: INT_SRC_OVR (bus 0 bus_irq 0 global_irq 2 dfl dfl)
[    0.000000] ACPI: INT_SRC_OVR (bus 0 bus_irq 9 global_irq 9 low level)
[    0.000000] Using ACPI (MADT) for SMP configuration information
[    0.000000] smpboot: Allowing 2 CPUs, 0 hotplug CPUs
[    0.000000] PM: Registered nosave memory: [mem 0x00000000-0x00000fff]
[    0.000000] PM: Registered nosave memory: [mem 0x0009f000-0x0009ffff]
[    0.000000] PM: Registered nosave memory: [mem 0x000a0000-0x000effff]
[    0.000000] PM: Registered nosave memory: [mem 0x000f0000-0x000fffff]
[    0.000000] e820: [mem 0x80000000-0xfebfffff] available for PCI devices
[    0.000000] Booting paravirtualized kernel on KVM
[    0.000000] clocksource: refined-jiffies: mask: 0xffffffff max_cycles: 0xffffffff, max_idle_ns: 7645519600211568 ns
[    0.000000] setup_percpu: NR_CPUS:512 nr_cpumask_bits:512 nr_cpu_ids:2 nr_node_ids:1
[    0.000000] PERCPU: Embedded 33 pages/cpu @ffff88007fc00000 s95448 r8192 d31528 u1048576
[    0.000000] Built 1 zonelists in Node order, mobility grouping on.  Total pages: 515960
[    0.000000] Policy zone: DMA32
[    0.000000] Kernel command line: BOOT_IMAGE=/boot/vmlinuz-4.4.0-177-generic root=LABEL=cloudimg-rootfs ro console=tty1 console=ttyS0
[    0.000000] PID hash table entries: 4096 (order: 3, 32768 bytes)
[    0.000000] Memory: 2029872K/2096696K available (8626K kernel code, 1336K rwdata, 4036K rodata, 1488K init, 1292K bss, 66824K reserved, 0K cma-reserved)
[    0.000000] SLUB: HWalign=64, Order=0-3, MinObjects=0, CPUs=2, Nodes=1
[    0.000000] Kernel/User page tables isolation: enabled
[    0.000000] Hierarchical RCU implementation.
[    0.000000] 	Build-time adjustment of leaf fanout to 64.
[    0.000000] 	RCU restricting CPUs from NR_CPUS=512 to nr_cpu_ids=2.
[    0.000000] RCU: Adjusting geometry for rcu_fanout_leaf=64, nr_cpu_ids=2
[    0.000000] NR_IRQS:33024 nr_irqs:440 16
[    0.000000] Console: colour VGA+ 80x25
[    0.000000] console [tty1] enabled
[    0.000000] console [ttyS0] enabled
[    0.000000] tsc: Detected 2399.998 MHz processor
[    0.148041] Calibrating delay loop (skipped) preset value.. 4799.99 BogoMIPS (lpj=9599992)
[    0.149630] pid_max: default: 32768 minimum: 301
[    0.150519] ACPI: Core revision 20150930
[    0.152000] ACPI: 2 ACPI AML tables successfully acquired and loaded
[    0.153262] Security Framework initialized
[    0.154086] Yama: becoming mindful.
[    0.154827] AppArmor: AppArmor initialized
[    0.157211] Dentry cache hash table entries: 262144 (order: 9, 2097152 bytes)
[    0.159108] Inode-cache hash table entries: 131072 (order: 8, 1048576 bytes)
[    0.162209] Mount-cache hash table entries: 4096 (order: 3, 32768 bytes)
[    0.163654] Mountpoint-cache hash table entries: 4096 (order: 3, 32768 bytes)
[    0.165405] Initializing cgroup subsys io
[    0.166224] Initializing cgroup subsys memory
[    0.167058] Initializing cgroup subsys devices
[    0.168013] Initializing cgroup subsys freezer
[    0.168854] Initializing cgroup subsys net_cls
[    0.169787] Initializing cgroup subsys perf_event
[    0.170666] Initializing cgroup subsys net_prio
[    0.171547] Initializing cgroup subsys hugetlb
[    0.172390] Initializing cgroup subsys pids
[    0.174762] mce: CPU supports 0 MCE banks
[    0.175955] Last level iTLB entries: 4KB 64, 2MB 8, 4MB 8
[    0.177633] Last level dTLB entries: 4KB 64, 2MB 0, 4MB 0, 1GB 4
[    0.178744] Spectre V1 : Mitigation: usercopy/swapgs barriers and __user pointer sanitization
[    0.180443] Spectre V2 : Mitigation: Full generic retpoline
[    0.181604] Spectre V2 : Spectre v2 / SpectreRSB mitigation: Filling RSB on context switch
[    0.183167] Speculative Store Bypass: Vulnerable
[    0.184136] MDS: Mitigation: Clear CPU buffers
[    0.187148] Freeing SMP alternatives memory: 36K
[    0.192727] ftrace: allocating 32304 entries in 127 pages
[    0.241378] smpboot: APIC(0) Converting physical 0 to logical package 0
[    0.243020] smpboot: Max logical packages: 1
[    0.244028] x2apic enabled
[    0.244840] Switched APIC routing to physical x2apic.
[    0.246867] ..TIMER: vector=0x30 apic1=0 pin1=2 apic2=-1 pin2=-1
[    0.356727] smpboot: CPU0: Intel(R) Core(TM) i5-8279U CPU @ 2.40GHz (family: 0x6, model: 0x8e, stepping: 0xa)
[    0.359892] Performance Events: unsupported p6 CPU model 142 no PMU driver, software events only.
[    0.370224] KVM setup paravirtual spinlock
[    0.373363] x86: Booting SMP configuration:
[    0.374273] .... node  #0, CPUs:      #1
[    0.375188] kvm-clock: cpu 1, msr 0:7ffe3041, secondary cpu clock
[    0.377842] mce: CPU supports 0 MCE banks
[    0.380854] x86: Booted up 1 node, 2 CPUs
[    0.382471] smpboot: Total of 2 processors activated (9599.99 BogoMIPS)
[    0.384058] devtmpfs: initialized
[    0.386355] evm: security.selinux
[    0.387061] evm: security.SMACK64
[    0.387760] evm: security.SMACK64EXEC
[    0.388531] evm: security.SMACK64TRANSMUTE
[    0.389391] evm: security.SMACK64MMAP
[    0.390127] evm: security.ima
[    0.390756] evm: security.capability
[    0.391703] clocksource: jiffies: mask: 0xffffffff max_cycles: 0xffffffff, max_idle_ns: 7645041785100000 ns
[    0.393555] futex hash table entries: 512 (order: 3, 32768 bytes)
[    0.394810] pinctrl core: initialized pinctrl subsystem
[    0.395880] RTC time: 23:25:06, date: 12/16/20
[    0.396908] NET: Registered protocol family 16
[    0.408599] cpuidle: using governor ladder
[    0.421171] cpuidle: using governor menu
[    0.423253] PCCT header not found.
[    0.424442] ACPI: bus type PCI registered
[    0.425708] acpiphp: ACPI Hot Plug PCI Controller Driver version: 0.5
[    0.427517] PCI: Using configuration type 1 for base access
[    0.442401] ACPI: Added _OSI(Module Device)
[    0.444669] ACPI: Added _OSI(Processor Device)
[    0.446541] ACPI: Added _OSI(3.0 _SCP Extensions)
[    0.447906] ACPI: Added _OSI(Processor Aggregator Device)
[    0.450221] ACPI: Executed 1 blocks of module-level executable AML code
[    0.453392] ACPI: Interpreter enabled
[    0.454192] ACPI: (supports S0 S5)
[    0.454941] ACPI: Using IOAPIC for interrupt routing
[    0.456087] PCI: Using host bridge windows from ACPI; if necessary, use "pci=nocrs" and report a bug
[    0.461587] ACPI: PCI Root Bridge [PCI0] (domain 0000 [bus 00-ff])
[    0.462866] acpi PNP0A03:00: _OSC: OS supports [ASPM ClockPM Segments MSI]
[    0.464517] acpi PNP0A03:00: _OSC: not requesting OS control; OS requires [ExtendedConfig ASPM ClockPM MSI]
[    0.466351] acpi PNP0A03:00: fail to add MMCONFIG information, can't access extended PCI configuration space under this bridge.
[    0.468724] PCI host bridge to bus 0000:00
[    0.469561] pci_bus 0000:00: root bus resource [io  0x0000-0x0cf7 window]
[    0.470757] pci_bus 0000:00: root bus resource [io  0x0d00-0xffff window]
[    0.471978] pci_bus 0000:00: root bus resource [mem 0x000a0000-0x000bffff window]
[    0.473463] pci_bus 0000:00: root bus resource [mem 0x80000000-0xfdffffff window]
[    0.474928] pci_bus 0000:00: root bus resource [bus 00-ff]
[    0.478037] pci 0000:00:01.1: legacy IDE quirk: reg 0x10: [io  0x01f0-0x01f7]
[    0.479294] pci 0000:00:01.1: legacy IDE quirk: reg 0x14: [io  0x03f6]
[    0.480458] pci 0000:00:01.1: legacy IDE quirk: reg 0x18: [io  0x0170-0x0177]
[    0.482688] pci 0000:00:01.1: legacy IDE quirk: reg 0x1c: [io  0x0376]
[    0.509921] pci 0000:00:07.0: quirk: [io  0x4000-0x403f] claimed by PIIX4 ACPI
[    0.511988] pci 0000:00:07.0: quirk: [io  0x4100-0x410f] claimed by PIIX4 SMB
[    0.526625] ACPI: PCI Interrupt Link [LNKA] (IRQs 5 9 10 *11)
[    0.528605] ACPI: PCI Interrupt Link [LNKB] (IRQs 5 9 *10 11)
[    0.530370] ACPI: PCI Interrupt Link [LNKC] (IRQs 5 *9 10 11)
[    0.531974] ACPI: PCI Interrupt Link [LNKD] (IRQs 5 9 10 *11)
[    0.533440] ACPI: Enabled 2 GPEs in block 00 to 07
[    0.534761] vgaarb: setting as boot device: PCI:0000:00:02.0
[    0.535850] vgaarb: device added: PCI:0000:00:02.0,decodes=io+mem,owns=io+mem,locks=none
[    0.537458] vgaarb: loaded
[    0.538043] vgaarb: bridge control possible 0000:00:02.0
[    0.539206] SCSI subsystem initialized
[    0.540138] ACPI: bus type USB registered
[    0.540952] usbcore: registered new interface driver usbfs
[    0.541969] usbcore: registered new interface driver hub
[    0.542969] usbcore: registered new device driver usb
[    0.544802] PCI: Using ACPI for IRQ routing
[    0.546269] NetLabel: Initializing
[    0.546981] NetLabel:  domain hash size = 128
[    0.547983] NetLabel:  protocols = UNLABELED CIPSOv4
[    0.548968] NetLabel:  unlabeled traffic allowed by default
[    0.550130] amd_nb: Cannot enumerate AMD northbridges
[    0.551169] clocksource: Switched to clocksource kvm-clock
[    0.559181] AppArmor: AppArmor Filesystem Enabled
[    0.560605] pnp: PnP ACPI init
[    0.562208] pnp: PnP ACPI: found 3 devices
[    0.573583] clocksource: acpi_pm: mask: 0xffffff max_cycles: 0xffffff, max_idle_ns: 2085701024 ns
[    0.575890] NET: Registered protocol family 2
[    0.576867] TCP established hash table entries: 16384 (order: 5, 131072 bytes)
[    0.578331] TCP bind hash table entries: 16384 (order: 6, 262144 bytes)
[    0.580435] TCP: Hash tables configured (established 16384 bind 16384)
[    0.581869] UDP hash table entries: 1024 (order: 3, 32768 bytes)
[    0.582991] UDP-Lite hash table entries: 1024 (order: 3, 32768 bytes)
[    0.584248] NET: Registered protocol family 1
[    0.585103] pci 0000:00:00.0: Limiting direct PCI/PCI transfers
[    0.586198] pci 0000:00:01.0: Activating ISA DMA hang workarounds
[    0.587458] Unpacking initramfs...
[    0.776642] Freeing initrd memory: 14872K
[    0.778291] clocksource: tsc: mask: 0xffffffffffffffff max_cycles: 0x229835b7123, max_idle_ns: 440795242976 ns
[    0.780662] platform rtc_cmos: registered platform RTC device (no PNP device found)
[    0.782796] Scanning for low memory corruption every 60 seconds
[    0.784225] audit: initializing netlink subsys (disabled)
[    0.785243] audit: type=2000 audit(1608161111.750:1): initialized
[    0.786535] Initialise system trusted keyring
[    0.787678] HugeTLB registered 2 MB page size, pre-allocated 0 pages
[    0.790482] zbud: loaded
[    0.791432] VFS: Disk quotas dquot_6.6.0
[    0.792381] VFS: Dquot-cache hash table entries: 512 (order 0, 4096 bytes)
[    0.793805] squashfs: version 4.0 (2009/01/31) Phillip Lougher
[    0.795176] fuse init (API version 7.23)
[    0.796561] Key type big_key registered
[    0.797387] Allocating IMA MOK and blacklist keyrings.
[    0.799577] Key type asymmetric registered
[    0.800406] Asymmetric key parser 'x509' registered
[    0.801879] Block layer SCSI generic (bsg) driver version 0.4 loaded (major 249)
[    0.803403] io scheduler noop registered
[    0.804202] io scheduler deadline registered (default)
[    0.805204] io scheduler cfq registered
[    0.806047] pci_hotplug: PCI Hot Plug PCI Core version: 0.5
[    0.807072] pciehp: PCI Express Hot Plug Controller Driver version: 0.4
[    0.809354] ACPI: AC Adapter [AC] (off-line)
[    0.810352] input: Power Button as /devices/LNXSYSTM:00/LNXPWRBN:00/input/input0
[    0.811851] ACPI: Power Button [PWRF]
[    0.812653] input: Sleep Button as /devices/LNXSYSTM:00/LNXSLPBN:00/input/input1
[    0.814647] ACPI: Sleep Button [SLPF]
[    0.816447] ACPI: Battery Slot [BAT0] (battery present)
[    0.817451] GHES: HEST is not enabled!
[    0.818277] Serial: 8250/16550 driver, 32 ports, IRQ sharing enabled
[    0.839931] 00:02: ttyS0 at I/O0x3f8 (irq = 4, base_baud = 115200) is a 16550A
[    0.845810] Linux agpgart interface v0.103
[    0.849747] loop: module loaded
[    0.850911] scsi host0: ata_piix
[    0.851715] scsi host1: ata_piix
[    0.852406] ata1: PATA max UDMA/33 cmd 0x1f0 ctl 0x3f6 bmdma 0xd000 irq 14
[    0.853616] ata2: PATA max UDMA/33 cmd 0x170 ctl 0x376 bmdma 0xd008 irq 15
[    0.855059] libphy: Fixed MDIO Bus: probed
[    0.856265] tun: Universal TUN/TAP device driver, 1.6
[    0.857201] tun: (C) 1999-2004 Max Krasnyansky <maxk@qualcomm.com>
[    0.858422] PPP generic driver version 2.4.2
[    0.859853] ehci_hcd: USB 2.0 'Enhanced' Host Controller (EHCI) Driver
[    0.861024] ehci-pci: EHCI PCI platform driver
[    0.861881] ehci-platform: EHCI generic platform driver
[    0.862852] ohci_hcd: USB 1.1 'Open' Host Controller (OHCI) Driver
[    0.864180] ohci-pci: OHCI PCI platform driver
[    0.865248] ohci-platform: OHCI generic platform driver
[    0.866363] uhci_hcd: USB Universal Host Controller Interface driver
[    0.867615] i8042: PNP: PS/2 Controller [PNP0303:PS2K,PNP0f03:PS2M] at 0x60,0x64 irq 1,12
[    0.869594] serio: i8042 KBD port at 0x60,0x64 irq 1
[    0.870558] serio: i8042 AUX port at 0x60,0x64 irq 12
[    0.871803] mousedev: PS/2 mouse device common for all mice
[    0.873689] input: AT Translated Set 2 keyboard as /devices/platform/i8042/serio0/input/input2
[    0.875738] rtc_cmos rtc_cmos: rtc core: registered rtc_cmos as rtc0
[    0.876942] rtc_cmos rtc_cmos: alarms up to one day, 114 bytes nvram
[    0.878105] i2c /dev entries driver
[    0.878868] device-mapper: uevent: version 1.0.3
[    0.879928] device-mapper: ioctl: 4.34.0-ioctl (2015-10-28) initialised: dm-devel@redhat.com
[    0.881929] ledtrig-cpu: registered to indicate activity on CPUs
[    0.883464] NET: Registered protocol family 10
[    0.884507] NET: Registered protocol family 17
[    0.885401] Key type dns_resolver registered
[    0.886796] registered taskstats version 1
[    0.888038] Loading compiled-in X.509 certificates
[    0.889458] Loaded X.509 cert 'Build time autogenerated kernel key: a048edf52b07f04005c7780de0f875c713550332'
[    0.891346] zswap: loaded using pool lzo/zbud
[    0.894274] Key type trusted registered
[    0.898317] Key type encrypted registered
[    0.899346] AppArmor: AppArmor sha1 policy hashing enabled
[    0.900419] ima: No TPM chip found, activating TPM-bypass!
[    0.901463] ima: Allocated hash algorithm: sha1
[    0.902367] evm: HMAC attrs: 0x1
[    0.903445]   Magic number: 0:57:454
[    0.904255] rtc_cmos rtc_cmos: setting system clock to 2020-12-16 23:25:07 UTC (1608161107)
[    0.905983] BIOS EDD facility v0.16 2004-Jun-25, 0 devices found
[    0.907100] EDD information not available.
[    1.014315] Freeing unused kernel memory: 1488K
[    1.015830] Write protecting the kernel read-only data: 14336k
[    1.018048] Freeing unused kernel memory: 1604K
[    1.019771] Freeing unused kernel memory: 60K
Loading, please wait...
starting version 229
[    1.032949] random: systemd-udevd: uninitialized urandom read (16 bytes read, 3 bits of entropy available)
[    1.033426] random: udevadm: uninitialized urandom read (16 bytes read, 3 bits of entropy available)
[    1.033442] random: udevadm: uninitialized urandom read (16 bytes read, 3 bits of entropy available)
[    1.038940] random: systemd-udevd: uninitialized urandom read (16 bytes read, 3 bits of entropy available)
[    1.039592] random: udevadm: uninitialized urandom read (16 bytes read, 3 bits of entropy available)
[    1.039623] random: udevadm: uninitialized urandom read (16 bytes read, 3 bits of entropy available)
[    1.039719] random: udevadm: uninitialized urandom read (16 bytes read, 3 bits of entropy available)
[    1.039753] random: udevadm: uninitialized urandom read (16 bytes read, 3 bits of entropy available)
[    1.039794] random: udevadm: uninitialized urandom read (16 bytes read, 3 bits of entropy available)
[    1.039827] random: udevadm: uninitialized urandom read (16 bytes read, 3 bits of entropy available)
[    1.075692] e1000: Intel(R) PRO/1000 Network Driver - version 7.3.21-k8-NAPI
[    1.077483] e1000: Copyright (c) 1999-2006 Intel Corporation.
[    1.079875] Fusion MPT base driver 3.04.20
[    1.080824] Copyright (c) 1999-2008 LSI Corporation
[    1.088657] Fusion MPT SPI Host driver 3.04.20
[    1.098056] AVX2 version of gcm_enc/dec engaged.
[    1.099781] AES CTR mode by8 optimization enabled
[    1.284207] input: ImExPS/2 Generic Explorer Mouse as /devices/platform/i8042/serio1/input/input4
[    1.460035] e1000 0000:00:03.0 eth0: (PCI:33MHz:32-bit) 02:f4:cb:fd:67:72
[    1.461892] e1000 0000:00:03.0 eth0: Intel(R) PRO/1000 Network Connection
[    1.463823] mptbase: ioc0: Initiating bringup
[    1.528787] ioc0: LSI53C1030 A0: Capabilities={Initiator}
[    1.690333] scsi host2: ioc0: LSI53C1030 A0, FwRev=00000000h, Ports=1, MaxQ=256, IRQ=20
[    1.808552] scsi 2:0:0:0: Direct-Access     VBOX     HARDDISK         1.0  PQ: 0 ANSI: 5
[    1.812200] scsi target2:0:0: Beginning Domain Validation
[    1.815134] scsi target2:0:0: Domain Validation skipping write tests
[    1.816872] scsi target2:0:0: Ending Domain Validation
[    1.818247] scsi target2:0:0: asynchronous
[    1.819786] scsi 2:0:1:0: Direct-Access     VBOX     HARDDISK         1.0  PQ: 0 ANSI: 5
[    1.821788] scsi target2:0:1: Beginning Domain Validation
[    1.824046] scsi target2:0:1: Domain Validation skipping write tests
[    1.825499] scsi target2:0:1: Ending Domain Validation
[    1.826694] scsi target2:0:1: asynchronous
[    1.851876] sd 2:0:0:0: Attached scsi generic sg0 type 0
[    1.853800] sd 2:0:0:0: [sda] 20971520 512-byte logical blocks: (10.7 GB/10.0 GiB)
[    1.855717] sd 2:0:1:0: Attached scsi generic sg1 type 0
[    1.856953] sd 2:0:0:0: [sda] Write Protect is off
[    1.858012] sd 2:0:0:0: [sda] Incomplete mode parameter data
[    1.859652] sd 2:0:0:0: [sda] Assuming drive cache: write through
[    1.860863] sd 2:0:1:0: [sdb] 20480 512-byte logical blocks: (10.5 MB/10.0 MiB)
[    1.862706] sd 2:0:1:0: [sdb] Write Protect is off
[    1.863796] sd 2:0:1:0: [sdb] Incomplete mode parameter data
[    1.864957] sd 2:0:1:0: [sdb] Assuming drive cache: write through
[    1.867275]  sda: sda1
[    1.868362] sd 2:0:0:0: [sda] Attached SCSI disk
[    1.870004] sd 2:0:1:0: [sdb] Attached SCSI disk
[    2.180845] e1000 0000:00:08.0 eth1: (PCI:33MHz:32-bit) 08:00:27:11:0f:73
[    2.182703] e1000 0000:00:08.0 eth1: Intel(R) PRO/1000 Network Connection
[    2.184908] e1000 0000:00:03.0 enp0s3: renamed from eth0
[    2.196208] e1000 0000:00:08.0 enp0s8: renamed from eth1
Begin: Loading essential drivers ... [    3.451861] md: linear personality registered for level -1
[    3.455596] md: multipath personality registered for level -4
[    3.459364] md: raid0 personality registered for level 0
[    3.464323] md: raid1 personality registered for level 1
[    3.535370] raid6: sse2x1   gen() 12798 MB/s
[    3.603489] raid6: sse2x1   xor()  9811 MB/s
[    3.671249] raid6: sse2x2   gen() 15892 MB/s
[    3.743945] raid6: sse2x2   xor() 11364 MB/s
[    3.811599] raid6: sse2x4   gen() 18101 MB/s
[    3.879193] raid6: sse2x4   xor() 12445 MB/s
[    3.947351] raid6: avx2x1   gen() 23551 MB/s
[    4.019243] raid6: avx2x2   gen() 31104 MB/s
[    4.087299] raid6: avx2x4   gen() 33438 MB/s
[    4.088866] raid6: using algorithm avx2x4 gen() 33438 MB/s
[    4.090360] raid6: using avx2x2 recovery algorithm
[    4.092540] xor: automatically using best checksumming function:
[    4.131210]    avx       : 29756.000 MB/sec
[    4.133923] async_tx: api initialized (async)
[    4.145600] md: raid6 personality registered for level 6
[    4.147399] md: raid5 personality registered for level 5
[    4.148560] md: raid4 personality registered for level 4
[    4.155271] md: raid10 personality registered for level 10
done.
Begin: Running /scripts/init-premount ... done.
Begin: Mounting root file system ... Begin: Running /scripts/local-top ... done.
Begin: Running /scripts/local-premount ... [    4.181983] Btrfs loaded
Scanning for Btrfs filesystems
done.
Warning: fsck not present, so skipping root file system
[    4.205796] EXT4-fs (sda1): INFO: recovery required on readonly filesystem
[    4.207056] EXT4-fs (sda1): write access will be enabled during recovery
[    4.303745] EXT4-fs (sda1): orphan cleanup on readonly fs
[    4.304836] EXT4-fs (sda1): 6 orphan inodes deleted
[    4.305781] EXT4-fs (sda1): recovery complete
[    4.307060] EXT4-fs (sda1): mounted filesystem with ordered data mode. Opts: (null)
done.
Begin: Running /scripts/local-bottom ... done.
Begin: Running /scripts/init-bottom ... done.
[    4.392886] systemd[1]: systemd 229 running in system mode. (+PAM +AUDIT +SELINUX +IMA +APPARMOR +SMACK +SYSVINIT +UTMP +LIBCRYPTSETUP +GCRYPT +GNUTLS +ACL +XZ -LZ4 +SECCOMP +BLKID +ELFUTILS +KMOD -IDN)
[    4.396228] systemd[1]: Detected virtualization oracle.
[    4.397225] systemd[1]: Detected architecture x86-64.

Welcome to [1mUbuntu 16.04.6 LTS[0m!

[    4.401810] systemd[1]: Set hostname to <ubuntu-xenial>.
[    4.766407] systemd[1]: Reached target Swap.
[[0;32m  OK  [0m] Reached target Swap.
[    4.768242] systemd[1]: Listening on udev Kernel Socket.
[[0;32m  OK  [0m] Listening on udev Kernel Socket.
[    4.770309] systemd[1]: Set up automount Arbitrary Executable File Formats File System Automount Point.
[[0;32m  OK  [0m] Set up automount Arbitrary Executab...ats File System Automount Point.
[    4.773780] systemd[1]: Created slice System Slice.
[[0;32m  OK  [0m] Created slice System Slice.
[    4.775702] systemd[1]: Started Trigger resolvconf update for networkd DNS.
[[0;32m  OK  [0m] Started Trigger resolvconf update for networkd DNS.
[    4.778969] systemd[1]: Started Forward Password Requests to Wall Directory Watch.
[[0;32m  OK  [0m] Started Forward Password Requests to Wall Directory Watch.
[    4.782308] systemd[1]: Created slice system-serial\x2dgetty.slice.
[[0;32m  OK  [0m] Created slice system-serial\x2dgetty.slice.
[    4.784550] systemd[1]: Listening on LVM2 metadata daemon socket.
[[0;32m  OK  [0m] Listening on LVM2 metadata daemon socket.
[    4.786757] systemd[1]: Reached target User and Group Name Lookups.
[[0;32m  OK  [0m] Reached target User and Group Name Lookups.
[    4.788910] systemd[1]: Reached target Encrypted Volumes.
[[0;32m  OK  [0m] Reached target Encrypted Volumes.
[    4.791160] systemd[1]: Listening on Device-mapper event daemon FIFOs.
[[0;32m  OK  [0m] Listening on Device-mapper event daemon FIFOs.
[    4.794229] systemd[1]: Listening on Syslog Socket.
[[0;32m  OK  [0m] Listening on Syslog Socket.
[    4.796098] systemd[1]: Listening on LVM2 poll daemon socket.
[[0;32m  OK  [0m] Listening on LVM2 poll daemon socket.
[    4.798300] systemd[1]: Listening on Journal Socket (/dev/log).
[[0;32m  OK  [0m] Listening on Journal Socket (/dev/log).
[    4.979105] systemd[1]: Listening on Journal Audit Socket.
[[0;32m  OK  [0m] Listening on Journal Audit Socket.
[    4.982287] systemd[1]: Created slice User and Session Slice.
[[0;32m  OK  [0m] Created slice User and Session Slice.
[    4.984544] systemd[1]: Reached target Slices.
[[0;32m  OK  [0m] Reached target Slices.
[    4.986407] systemd[1]: Listening on /dev/initctl Compatibility Named Pipe.
[[0;32m  OK  [0m] Listening on /dev/initctl Compatibility Named Pipe.
[    5.490914] systemd[1]: Reached target System Time Synchronized.
[[0;32m  OK  [0m] Reached target System Time Synchronized.
[    5.504716] systemd[1]: Listening on Journal Socket.
[[0;32m  OK  [0m] Listening on Journal Socket.
[    5.768048] systemd[1]: Starting Monitoring of LVM2 mirrors, snapshots etc. using dmeventd or progress polling...
         Starting Monitoring of LVM2 mirrors... dmeventd or progress polling...
[    5.773302] systemd[1]: Starting Journal Service...
         Starting Journal Service...
[    5.777806] systemd[1]: Starting Load Kernel Modules...
         Starting Load Kernel Modules...
[    5.782901] systemd[1]: Mounting Huge Pages File System...
         Mounting Huge Pages File System...
[    5.786333] systemd[1]: Mounting POSIX Message Queue File System...
         Mounting POSIX Message Queue File System...
[    5.792856] systemd[1]: Starting Nameserver information manager...
         Starting Nameserver information manager...
[    5.798541] systemd[1]: Starting Set console keymap...
         Starting Set console keymap...
[    5.802003] systemd[1]: Starting Remount Root and Kernel File Systems...
         Starting Remount Root and Kernel File Systems...[    5.804096] Loading iSCSI transport class v2.0-870.

[    5.807858] systemd[1]: Mounting Debug File System...
         Mounting Debug File System...
[    5.813428] EXT4-fs (sda1): re-mounted. Opts: (null)
[    5.814322] systemd[1]: Starting Create list of required static device nodes for the current kernel...
         Starting Create list of required st... nodes for the current kernel...
[    5.822328] iscsi: registered transport (tcp)
[    5.835335] systemd[1]: Starting Uncomplicated firewall...
         Starting Uncomplicated firewall...
[    5.837641] systemd[1]: Listening on udev Control Socket.
[[0;32m  OK  [0m] Listening on udev Control Socket.
[    5.843222] systemd[1]: Mounted Debug File System.
[[0;32m  OK  [0m] Mounted Debug File System.
[    5.849103] iscsi: registered transport (iser)
[    5.851347] systemd[1]: Mounted POSIX Message Queue File System.
[[0;32m  OK  [0m] Mounted POSIX Message Queue File System.
[    5.853579] systemd[1]: Mounted Huge Pages File System.
[[0;32m  OK  [0m] Mounted Huge Pages File System.[    5.855760] random: nonblocking pool is initialized

[    5.856905] systemd[1]: Started Journal Service.
[[0;32m  OK  [0m] Started Journal Service.
[[0;32m  OK  [0m] Started Load Kernel Modules.
[[0;32m  OK  [0m] Started Set console keymap.
[[0;32m  OK  [0m] Started Remount Root and Kernel File Systems.
[[0;32m  OK  [0m] Started Create list of required sta...ce nodes for the current kernel.
[[0;32m  OK  [0m] Started Uncomplicated firewall.
[[0;32m  OK  [0m] Started Nameserver information manager.
[[0;32m  OK  [0m] Started LVM2 metadata daemon.
         Starting Create Static Device Nodes in /dev...
         Starting Load/Save Random Seed...
         Starting udev Coldplug all Devices...
         Mounting FUSE Control File System...
         Starting Apply Kernel Variables...
         Starting Flush Journal to Persistent Storage...
[[0;32m  OK  [0m] Mounted FUSE Control File System.
[[0;32m  OK  [0m] Started Load/Save Random Seed.
[[0;32m  OK  [0m] Started Apply Kernel Variables.
[[0;32m  OK  [0m] Started Create Static Device Nodes in /dev.
         Starting udev Kernel Device Manager...
[[0;32m  OK  [0m] Started Flush Journal to Persistent Storage.
[[0;32m  OK  [0m] Started udev Kernel Device Manager.
[[0;32m  OK  [0m] Started udev Coldplug all Devices.
[[0;32m  OK  [0m] Started Dispatch Password Requests to Console Directory Watch.
[[0;32m  OK  [0m] Found device /dev/ttyS0.
[[0;32m  OK  [0m] Listening on Load/Save RF Kill Switch Status /dev/rfkill Watch.
[[0;32m  OK  [0m] Found device 82540EM Gigabit Ethern...r (PRO/1000 MT Desktop Adapter).
[[0;32m  OK  [0m] Found device 82540EM Gigabit Ethern...r (PRO/1000 MT Desktop Adapter).
[[0;32m  OK  [0m] Started Monitoring of LVM2 mirrors,...ng dmeventd or progress polling.
[[0;32m  OK  [0m] Reached target Local File Systems (Pre).
[[0;32m  OK  [0m] Reached target Local File Systems.
         Starting Create Volatile Files and Directories...
         Starting Initial cloud-init job (pre-networking)...
         Starting Set console font and keymap...
         Starting Tell Plymouth To Write Out Runtime Data...
         Starting LSB: AppArmor initialization...
[[0;32m  OK  [0m] Started Create Volatile Files and Directories.
[[0;32m  OK  [0m] Started Tell Plymouth To Write Out Runtime Data.
         Starting Update UTMP about System Boot/Shutdown...
[[0;32m  OK  [0m] Started Update UTMP about System Boot/Shutdown.
[[0;32m  OK  [0m] Started LSB: AppArmor initialization.
[[0;32m  OK  [0m] Started Set console font and keymap.
[[0;32m  OK  [0m] Created slice system-getty.slice.
[    7.066147] cloud-init[642]: Cloud-init v. 19.4-33-gbb4131a2-0ubuntu1~16.04.1 running 'init-local' at Wed, 16 Dec 2020 23:25:13 +0000. Up 6.86 seconds.
[[0;32m  OK  [0m] Started Initial cloud-init job (pre-networking).
[[0;32m  OK  [0m] Reached target Network (Pre).
[[0;32m  OK  [0m] Started ifup for enp0s3.
[[0;32m  OK  [0m] Started ifup for enp0s8.
         Starting Raise network interfaces...
[[0;32m  OK  [0m] Started Raise network interfaces.
         Starting Initial cloud-init job (metadata service crawler)...
[[0;32m  OK  [0m] Reached target Network.
[    7.662722] cloud-init[1074]: Cloud-init v. 19.4-33-gbb4131a2-0ubuntu1~16.04.1 running 'init' at Wed, 16 Dec 2020 23:25:14 +0000. Up 7.46 seconds.
[    7.664593] cloud-init[1074]: ci-info: ++++++++++++++++++++++++++++++++++++++Net device info++++++++++++++++++++++++++++++++++++++
[    7.672799] cloud-init[1074]: ci-info: +--------+------+----------------------------+---------------+--------+-------------------+
[    7.674198] cloud-init[1074]: ci-info: | Device |  Up  |          Address           |      Mask     | Scope  |     Hw-Address    |
[    7.675513] cloud-init[1074]: ci-info: +--------+------+----------------------------+---------------+--------+-------------------+
[    7.677269] cloud-init[1074]: ci-info: | enp0s3 | True |         10.0.2.15          | 255.255.255.0 | global | 02:f4:cb:fd:67:72 |
[    7.679116] cloud-init[1074]: ci-info: | enp0s3 | True | fe80::f4:cbff:fefd:6772/64 |       .       |  link  | 02:f4:cb:fd:67:72 |
[    7.680807] cloud-init[1074]: ci-info: | enp0s8 | True |       192.168.33.10        | 255.255.255.0 | global | 08:00:27:11:0f:73 |
[    7.682245] cloud-init[1074]: ci-info: | enp0s8 | True | fe80::a00:27ff:fe11:f73/64 |       .       |  link  | 08:00:27:11:0f:73 |
[    7.684214] cloud-init[1074]: ci-info: |   lo   | True |         127.0.0.1          |   255.0.0.0   |  host  |         .         |
[    7.685384] cloud-init[1074]: ci-info: |   lo   | True |          ::1/128           |       .       |  host  |         .         |
[    7.686676] cloud-init[1074]: ci-info: +--------+------+----------------------------+---------------+--------+-------------------+
[    7.688490] cloud-init[1074]: ci-info: ++++++++++++++++++++++++++++Route IPv4 info++++++++++++++++++++++++++++
[    7.690150] cloud-init[1074]: ci-info: +-------+--------------+----------+---------------+-----------+-------+
[    7.691787] cloud-init[1074]: ci-info: | Route | Destination  | Gateway  |    Genmask    | Interface | Flags |
[    7.693439] cloud-init[1074]: ci-info: +-------+--------------+----------+---------------+-----------+-------+
[    7.695072] cloud-init[1074]: ci-info: |   0   |   0.0.0.0    | 10.0.2.2 |    0.0.0.0    |   enp0s3  |   UG  |
[    7.696715] cloud-init[1074]: ci-info: |   1   |   10.0.2.0   | 0.0.0.0  | 255.255.255.0 |   enp0s3  |   U   |
[    7.698365] cloud-init[1074]: ci-info: |   2   | 192.168.33.0 | 0.0.0.0  | 255.255.255.0 |   enp0s8  |   U   |
[    7.699993] cloud-init[1074]: ci-info: +-------+--------------+----------+---------------+-----------+-------+
[    7.701723] cloud-init[1074]: ci-info: +++++++++++++++++++Route IPv6 info+++++++++++++++++++
[    7.703174] cloud-init[1074]: ci-info: +-------+-------------+---------+-----------+-------+
[    7.704646] cloud-init[1074]: ci-info: | Route | Destination | Gateway | Interface | Flags |
[    7.706081] cloud-init[1074]: ci-info: +-------+-------------+---------+-----------+-------+
[    7.707514] cloud-init[1074]: ci-info: |   0   |  fe80::/64  |    ::   |   enp0s8  |   U   |
[    7.708961] cloud-init[1074]: ci-info: |   1   |  fe80::/64  |    ::   |   enp0s3  |   U   |
[    7.710394] cloud-init[1074]: ci-info: |   4   |   ff00::/8  |    ::   |   enp0s8  |   U   |
[    7.711829] cloud-init[1074]: ci-info: |   5   |   ff00::/8  |    ::   |   enp0s3  |   U   |
[    7.713310] cloud-init[1074]: ci-info: +-------+-------------+---------+-----------+-------+
[[0;32m  OK  [0m] Started Initial cloud-init job (metadata service crawler).
[[0;32m  OK  [0m] Reached target System Initialization.
[[0;32m  OK  [0m] Listening on UUID daemon activation socket.
         Starting LXD - unix socket.
[[0;32m  OK  [0m] Started ACPI Events Check.
[[0;32m  OK  [0m] Reached target Paths.
[[0;32m  OK  [0m] Started Message of the Day.
[[0;32m  OK  [0m] Started Daily Cleanup of Temporary Directories.
[[0;32m  OK  [0m] Listening on ACPID Listen Socket.
[[0;32m  OK  [0m] Listening on D-Bus System Message Bus Socket.
[[0;32m  OK  [0m] Started Clean PHP session files every 30 mins.
         Starting Socket activation for snappy daemon.
[[0;32m  OK  [0m] Started Daily apt download activities.
[[0;32m  OK  [0m] Started Daily apt upgrade and clean activities.
[[0;32m  OK  [0m] Reached target Timers.
[[0;32m  OK  [0m] Reached target Network is Online.
         Starting iSCSI initiator daemon (iscsid)...
[[0;32m  OK  [0m] Reached target Cloud-config availability.
[[0;32m  OK  [0m] Listening on LXD - unix socket.
[[0;32m  OK  [0m] Listening on Socket activation for snappy daemon.
[[0;32m  OK  [0m] Reached target Sockets.
[[0;32m  OK  [0m] Reached target Basic System.
         Starting MySQL Community Server...
         Starting /etc/rc.local Compatibility...
[[0;32m  OK  [0m] Started D-Bus System Message Bus.
         Starting LSB: Record successful boot for GRUB...
         Starting OpenBSD Secure Shell server...
         Starting Login Service...
         Starting LSB: MD monitoring daemon...
         Starting Clean php session files...
         Starting Snappy daemon...
[[0;32m  OK  [0m] Started Regular background program processing daemon.
[[0;32m  OK  [0m] Started Deferred execution scheduler.
[[0;32m  OK  [0m] Started FUSE filesystem for LXC.
[[0;32m  OK  [0m] Started ACPI event daemon.
         Starting Message of the Day...
         Starting System Logging Service...
         Starting Virtualbox guest utils...
         Starting Accounts Service...
         Starting LXD - container startup/shutdown...
[[0;32m  OK  [0m] Started iSCSI initiator daemon (iscsid).
[[0;32m  OK  [0m] Started /etc/rc.local Compatibility.
[[0;32m  OK  [0m] Started System Logging Service.
[[0;32m  OK  [0m] Started OpenBSD Secure Shell server.
[[0;32m  OK  [0m] Started Login Service.
[[0;32m  OK  [0m] Started Unattended Upgrades Shutdown.
         Starting Login to default iSCSI targets...
[[0;32m  OK  [0m] Started LSB: Record successful boot for GRUB.
[[0;32m  OK  [0m] Started LSB: MD monitoring daemon.
[[0;32m  OK  [0m] Started Login to default iSCSI targets.
[[0;32m  OK  [0m] Reached target Remote File Systems (Pre).
[[0;32m  OK  [0m] Reached target Remote File Systems.
         Starting LSB: Apache2 web server...
         Starting LSB: daemon to balance interrupts for SMP systems...
         Starting LSB: automatic crash report generation...
         Starting Permit User Sessions...
         Starting LSB: Set the CPU Frequency Scaling governor to "ondemand"...
[[0;32m  OK  [0m] Started Permit User Sessions.
         Starting Terminate Plymouth Boot Screen...
         Starting Hold until boot process finishes up...
[[0;32m  OK  [0m] Started Hold until boot process finishes up.
[[0;32m  OK  [0m] Started Terminate Plymouth Boot Screen.
[[0;32m  OK  [0m] Started Serial Getty on ttyS0.
         Starting Set console scheme...
[[0;32m  OK  [0m] Started Getty on tty1.
[[0;32m  OK  [0m] Reached target Login Prompts.
[[0;32m  OK  [0m] Started Set console scheme.
[[0;32m  OK  [0m] Started LSB: Set the CPU Frequency Scaling governor to "ondemand".
[[0;32m  OK  [0m] Started LSB: automatic crash report generation.
         Starting Authenticate and Authorize Users to Run Privileged Tasks...
[[0;32m  OK  [0m] Started LSB: daemon to balance interrupts for SMP systems.
[[0;32m  OK  [0m] Started LXD - container startup/shutdown.
[[0;32m  OK  [0m] Started Authenticate and Authorize Users to Run Privileged Tasks.
[[0;32m  OK  [0m] Started Accounts Service.
[[0;32m  OK  [0m] Started Snappy daemon.
         Starting Wait until snapd is fully seeded...
[[0;32m  OK  [0m] Started Virtualbox guest utils.
[[0;32m  OK  [0m] Started Wait until snapd is fully seeded.
         Starting Apply the settings specified in cloud-config...
[[0;32m  OK  [0m] Started Clean php session files.
[    8.818254] cloud-init[1437]: Cloud-init v. 19.4-33-gbb4131a2-0ubuntu1~16.04.1 running 'modules:config' at Wed, 16 Dec 2020 23:25:15 +0000. Up 8.75 seconds.
[[0;32m  OK  [0m] Started Apply the settings specified in cloud-config.
[[0;32m  OK  [0m] Started Message of the Day.
[[0;32m  OK  [0m] Started MySQL Community Server.
[[0;32m  OK  [0m] Started LSB: Apache2 web server.
[[0;32m  OK  [0m] Reached target Multi-User System.
         Starting Execute cloud user/final scripts...
[[0;32m  OK  [0m] Reached target Graphical Interface.
         Starting Update UTMP about System Runlevel Changes...
[[0;32m  OK  [0m] Started Update UTMP about System Runlevel Changes.
[    9.804736] cloud-init[1511]: Cloud-init v. 19.4-33-gbb4131a2-0ubuntu1~16.04.1 running 'modules:final' at Wed, 16 Dec 2020 23:25:16 +0000. Up 9.72 seconds.
[    9.812960] cloud-init[1511]: Cloud-init v. 19.4-33-gbb4131a2-0ubuntu1~16.04.1 finished at Wed, 16 Dec 2020 23:25:16 +0000. Datasource DataSourceNoCloud [seed=/dev/sdb][dsmode=net].  Up 9.80 seconds
[[0;32m  OK  [0m] Started Execute cloud user/final scripts.
[[0;32m  OK  [0m] Reached target Cloud-init target.

Ubuntu 16.04.6 LTS ubuntu-xenial ttyS0

ubuntu-xenial login: 